<?xml version="1.0" encoding="UTF-8"?>
<!-- Generated by org.testng.reporters.JUnitReportReporter -->
<testsuite hostname="Gowri" failures="0" tests="2" name="qaclickacademy.seleniumtest" time="0.007" errors="0" timestamp="2022-07-04T13:44:31 IST" skipped="0">
  <testcase classname="qaclickacademy.seleniumtest" name="elementsui" time="0.004"/>
  <system-out/>
  <testcase classname="qaclickacademy.seleniumtest" name="BrowserAutomation" time="0.003"/>
  <system-out/>
</testsuite> <!-- qaclickacademy.seleniumtest -->
