<?xml version="1.0" encoding="UTF-8"?>
<!-- Generated by org.testng.reporters.JUnitReportReporter -->
<testsuite hostname="Gowri" failures="0" tests="2" name="qaclickacademy.APItest" time="0.021" errors="0" timestamp="2022-07-04T13:44:31 IST" skipped="0">
  <testcase classname="qaclickacademy.APItest" name="postjira" time="0.007"/>
  <system-out/>
  <testcase classname="qaclickacademy.APItest" name="deletetwitter" time="0.014"/>
  <system-out/>
</testsuite> <!-- qaclickacademy.APItest -->
