<?xml version="1.0" encoding="UTF-8"?>
<!-- Generated by org.testng.reporters.JUnitReportReporter -->
<testsuite hostname="Gowri" failures="0" tests="2" name="qaclickacademy.appiumtest" time="0.003" errors="0" timestamp="2022-07-03T13:49:15 IST" skipped="0">
  <testcase classname="qaclickacademy.appiumtest" name="iosapp" time="0.001"/>
  <system-out/>
  <testcase classname="qaclickacademy.appiumtest" name="negativeapp" time="0.002"/>
  <system-out/>
</testsuite> <!-- qaclickacademy.appiumtest -->
